<?xml version="1.0" ?>
<testsuite name="TestFlaskApi-20210106182340" tests="2" time="0.008" failures="0" errors="0">
	<testcase classname="TestFlaskApi" name="test_svm" time="0.007"/>
	<testcase classname="TestFlaskApi" name="test_vgg" time="0.001"/>
	<system-out><![CDATA[]]></system-out>
	<system-err><![CDATA[]]></system-err>
</testsuite>
